User 'Ben Sanders' successfully logged in. 13
User 'Ben Sanders' moved to directory '/folder_1'. 29
User 'Ben Sanders' moved to directory '/folder_1/folder_2'. 37
User 'Ben Sanders' moved to directory '/folder_1'. 47
User 'Ben Sanders' moved to directory '/folder_1/folder_3'. 51
User 'Ben Sanders' moved to directory '/folder_1/folder_3/folder_4'. 61
User 'Ben Sanders' moved to directory '/folder_1/folder_3'. 71
User 'Ben Sanders' moved to directory '/folder_1'. 75
User 'Ben Sanders' disconnected. 78
User 'Ben Sanders' successfully logged in. 91
User 'Ben Sanders' moved to directory '/folder_1'. 124
User 'Ben Sanders' moved to directory '/folder_1/folder_2'. 134
User 'Ben Sanders' moved to directory '/folder_1'. 144
User 'Ben Sanders' moved to directory '/folder_1/folder_3'. 148
User 'Ben Sanders' moved to directory '/folder_1/folder_3/folder_5'. 158
User 'Ben Sanders' moved to directory '/folder_1/folder_3/folder_5/folder_6'. 168
User 'Ben Sanders' moved to directory '/folder_1/folder_3/folder_5'. 178
User 'Ben Sanders' moved to directory '/folder_1/folder_3'. 182
User 'Ben Sanders' moved to directory '/folder_1'. 186
User 'Ben Sanders' moved to directory '/'. 190
User 'Ben Sanders' moved to directory '/'. 194
User 'Ben Sanders' moved to directory '/folder_7'. 198
User 'Ben Sanders' moved to directory '/'. 208
User 'Ben Sanders' disconnected. 211
User '(not logged in)' disconnected. 220
User 'Zorro Jacobs' successfully logged in. 233
User 'Zorro Jacobs' moved to directory '/folder_1'. 266
User 'Zorro Jacobs' moved to directory '/folder_1/folder_3'. 276
User 'Zorro Jacobs' moved to directory '/folder_1'. 286
User 'Zorro Jacobs' moved to directory '/folder_1/folder_2'. 290
User 'Zorro Jacobs' disconnected. 300
User 'Ben Sanders' successfully logged in. 313
User 'Ben Sanders' disconnected. 345
User 'Ben Sanders' successfully logged in. 358
User 'Ben Sanders' disconnected. 367
User '(not logged in)' disconnected. 376
User '(not logged in)' disconnected. 385
User '(not logged in)' disconnected. 394
User 'Ben Sanders' successfully logged in. 407
User 'Ben Sanders' disconnected. 422
User 'Abril Young' successfully logged in. 435
User 'Abril Young' disconnected. 466
User 'Ben Sanders' successfully logged in. 479
User 'Ben Sanders' moved to directory '/folder_1'. 487
User 'Ben Sanders' moved to directory '/folder_1'. 516
User 'Ben Sanders' began downloading 'file_2.xls'. 524
User 'Ben Sanders' finished downloading 'file_2.xls'. 526
User 'Ben Sanders' disconnected. 529
User '(not logged in)' disconnected. 538
User '(not logged in)' disconnected. 547
User '(not logged in)' disconnected. 556
User 'Abril Young' successfully logged in. 569
User 'Abril Young' moved to directory '/folder_2'. 602
User 'Abril Young' attempted to move to directory '/folder_2/folder_8' but failed. 646
User 'Abril Young' moved to directory '/folder_2'. 648
User 'Abril Young' made directory 'folder_8'. 650
User 'Abril Young' moved to directory '/folder_2/folder_8'. 652
User 'Abril Young' moved to directory '/folder_2/folder_8'. 658
User 'Abril Young' began uploading 'file_3'. 677
User 'Abril Young' began uploading 'file_4'. 678
User 'Abril Young' finished uploading 'file_4'. 681
User 'Abril Young' finished uploading 'file_3'. 682
User 'Abril Young' attempted to move to directory '/folder_2/folder_8/folder_9' but failed. 686
User 'Abril Young' moved to directory '/folder_2/folder_8'. 690
User 'Abril Young' made directory 'folder_9'. 693
User 'Abril Young' moved to directory '/folder_2/folder_8/folder_9'. 695
User 'Abril Young' began uploading 'file_5.ini'. 703
User 'Abril Young' finished uploading 'file_5.ini'. 705
User 'Abril Young' moved to directory '/folder_2/folder_8/folder_9'. 707
User 'Abril Young' began uploading 'file_6.mp3'. 717
User 'Abril Young' began uploading 'file_7.mp3'. 718
User 'Ben Sanders' successfully logged in. 733
User 'Abril Young' finished uploading 'file_6.mp3'. 765
User 'Abril Young' began uploading 'file_8.mp3'. 769
User 'Abril Young's' upload of 'file_7.mp3' was aborted. 770
User 'Abril Young' attempted to append to file 'file_7.mp3' but failed. 781
User 'Abril Young' began uploading 'file_9.mp3'. 785
User 'Abril Young's' upload of 'file_8.mp3' was aborted. 786
User 'Abril Young' attempted to append to file 'file_8.mp3' but failed. 797
User 'Abril Young' began uploading 'file_10.mp3'. 801
User 'Abril Young's' upload of 'file_9.mp3' was aborted. 802
User 'Abril Young' attempted to append to file 'file_9.mp3' but failed. 813
User 'Abril Young' began uploading 'file_11.mp3'. 817
User 'Abril Young's' upload of 'file_10.mp3' was aborted. 818
User 'Abril Young' attempted to append to file 'file_10.mp3' but failed. 829
User 'Abril Young' began uploading 'file_12.mp3'. 833
User 'Abril Young's' upload of 'file_11.mp3' was aborted. 834
User 'Abril Young' attempted to append to file 'file_11.mp3' but failed. 845
User 'Abril Young' began uploading 'file_13.mp3'. 849
User 'Abril Young' finished uploading 'file_13.mp3'. 853
User 'Abril Young' began uploading 'file_14.mp3'. 857
User 'Abril Young' finished uploading 'file_12.mp3'. 859
User 'Abril Young' began uploading 'file_15.mp3'. 863
User 'Ben Sanders' disconnected. 866
User 'Ben Sanders' successfully logged in. 879
User 'Ben Sanders' moved to directory '/folder_1'. 889
User 'Ben Sanders' moved to directory '/folder_1/folder_2'. 901
User 'Ben Sanders' moved to directory '/folder_1/folder_2/folder_8'. 911
User 'Abril Young' finished uploading 'file_15.mp3'. 918
User 'Abril Young' began uploading 'file_16.mp3'. 922
User 'Ben Sanders' moved to directory '/folder_1/folder_2'. 927
User 'Ben Sanders' moved to directory '/folder_1'. 931
User 'Ben Sanders' disconnected. 934
User 'Abril Young' finished uploading 'file_14.mp3'. 935
User 'Abril Young' began uploading 'file_17.mp3'. 939
User 'Abril Young' finished uploading 'file_16.mp3'. 941
User 'Abril Young' began uploading 'file_18.jpg'. 945
User 'Abril Young' finished uploading 'file_18.jpg'. 947
User 'Abril Young' began uploading 'file_19.jpg'. 951
User 'Abril Young' finished uploading 'file_19.jpg'. 953
User 'Abril Young' began uploading 'file_20.jpg'. 957
User 'Abril Young' finished uploading 'file_20.jpg'. 959
User 'Abril Young' began uploading 'file_5.ini'. 963
User 'Abril Young' finished uploading 'file_5.ini'. 965
User 'Abril Young' began uploading 'file_21.jpg'. 969
User 'Abril Young' finished uploading 'file_21.jpg'. 971
User 'Abril Young' attempted to move to directory '/folder_2/folder_8/folder_10' but failed. 973
User 'Abril Young' moved to directory '/folder_2/folder_8'. 975
User 'Abril Young' made directory 'folder_10'. 977
User 'Abril Young' moved to directory '/folder_2/folder_8/folder_10'. 979
User 'Abril Young' began uploading 'file_22.mp3'. 991
User 'Abril Young' finished uploading 'file_17.mp3'. 993
User 'Abril Young' moved to directory '/folder_2/folder_8/folder_10'. 995
User 'Abril Young' began uploading 'file_23.mp3'. 999
User 'Abril Young' finished uploading 'file_22.mp3'. 1001
User 'Abril Young' began uploading 'file_24.mp3'. 1005
User 'Abril Young' finished uploading 'file_23.mp3'. 1007
User 'Abril Young' began uploading 'file_25.mp3'. 1011
User 'Abril Young's' upload of 'file_24.mp3' was aborted. 1012
User 'Abril Young' attempted to append to file 'file_24.mp3' but failed. 1023
User 'Abril Young' finished uploading 'file_25.mp3'. 1030
User 'Abril Young' began uploading 'file_26.mp3'. 1034
User 'Abril Young' finished uploading 'file_26.mp3'. 1036
User 'Abril Young' began uploading 'file_27.mp3'. 1040
User 'Abril Young' finished uploading 'file_27.mp3'. 1042
User 'Abril Young' began uploading 'file_28.mp3'. 1046