STATISTICS SUMMARY:    ('4/1/2009', '1:34:48', 1) -> ('4/2/2009', '16:33:02', 1049)
BEN SANDERS:    ('4/1/2009', '1:34:49', 13) -> ('4/2/2009', '16:28:11', 934)
    DOWNLOADS:
        /folder_1:
            file_2.xls    ('4/1/2009', '20:37:53', 523)
ZORRO JACOBS:    ('4/1/2009', '16:53:21', 233) -> ('4/1/2009', '16:55:37', 300)
ABRIL YOUNG:    ('4/1/2009', '20:30:26', 435) -> ('4/1/2009', '20:32:27', 466)
    UPLOADS:
        /folder_2/folder_8:
            file_4    ('4/2/2009', '16:25:06', 676)
            file_5.ini    ('4/2/2009', '16:25:06', 691)
            file_3    ('4/2/2009', '16:25:06', 675)
        /folder_2/folder_8/folder_9:
    fail    file_7.mp3    ('4/2/2009', '16:25:07', 716)
    fail    file_9.mp3    ('4/2/2009', '16:25:39', 784)
    fail    file_11.mp3    ('4/2/2009', '16:25:44', 816)
            file_13.mp3    ('4/2/2009', '16:25:50', 848)
            file_14.mp3    ('4/2/2009', '16:26:54', 856)
            file_17.mp3    ('4/2/2009', '16:28:21', 938)
            file_6.mp3    ('4/2/2009', '16:25:07', 715)
    fail    file_8.mp3    ('4/2/2009', '16:25:36', 768)
    fail    file_10.mp3    ('4/2/2009', '16:25:41', 800)
            file_12.mp3    ('4/2/2009', '16:25:47', 832)
            file_15.mp3    ('4/2/2009', '16:27:03', 862)
            file_16.mp3    ('4/2/2009', '16:27:55', 921)
            file_18.jpg    ('4/2/2009', '16:29:12', 944)
            file_19.jpg    ('4/2/2009', '16:29:14', 950)
            file_20.jpg    ('4/2/2009', '16:29:16', 956)
            file_5.ini    ('4/2/2009', '16:29:18', 962)
            file_21.jpg    ('4/2/2009', '16:29:20', 968)
        /folder_2/folder_8/folder_10:
            file_23.mp3    ('4/2/2009', '16:29:54', 998)
            file_25.mp3    ('4/2/2009', '16:30:57', 1010)
            file_26.mp3    ('4/2/2009', '16:31:26', 1033)
            file_27.mp3    ('4/2/2009', '16:32:05', 1039)
            file_22.mp3    ('4/2/2009', '16:29:27', 990)
    fail    file_24.mp3    ('4/2/2009', '16:30:55', 1004)
    APPENDS:
        /folder_2/folder_8/folder_9:
    fail    file_7.mp3    ('4/2/2009', '16:25:38', 780)
    fail    file_9.mp3    ('4/2/2009', '16:25:43', 812)
    fail    file_11.mp3    ('4/2/2009', '16:25:49', 844)
    fail    file_8.mp3    ('4/2/2009', '16:25:41', 796)
    fail    file_10.mp3    ('4/2/2009', '16:25:46', 828)
        /folder_2/folder_8/folder_10:
    fail    file_24.mp3    ('4/2/2009', '16:30:59', 1022)
    MADE DIRECTORIES:
        /folder_2/folder_8:
            folder_9    ('4/2/2009', '16:25:07', 692)
            folder_10    ('4/2/2009', '16:29:22', 976)
        /folder_2:
            folder_8    ('4/2/2009', '16:25:05', 649)